<?xml version="1.0" encoding="UTF-8"?>
<!-- Generated by org.testng.reporters.JUnitXMLReporter -->
<testsuite hostname="Nitya" ignored="0" name="Default test" tests="3" failures="0" timestamp="02 May 2023 16:51:21 GMT" time="28.32" errors="0">
  <testcase name="createData" time="13.577" classname="com.qa.apistesting.CreateMultipleDataWithDiffPlacesAndPhoneNumbers"/>
  <testcase name="createData" time="7.804" classname="com.qa.apistesting.CreateMultipleDataWithDiffPlacesAndPhoneNumbers"/>
  <testcase name="createData" time="6.885" classname="com.qa.apistesting.CreateMultipleDataWithDiffPlacesAndPhoneNumbers"/>
</testsuite> <!-- Default test -->
