<?xml version="1.0" encoding="UTF-8"?>
<testng-results skipped="0" failed="0" ignored="0" total="1" passed="1">
  <reporter-output>
  </reporter-output>
  <suite name="Default suite" duration-ms="3651" started-at="2023-05-03T15:00:57Z" finished-at="2023-05-03T15:01:00Z">
    <groups>
    </groups>
    <test name="Default test" duration-ms="3651" started-at="2023-05-03T15:00:57Z" finished-at="2023-05-03T15:01:00Z">
      <class name="com.qa.apistesting.JiraBugCreateAPIAndAddComent">
        <test-method status="PASS" signature="createBug()[pri:0, instance:com.qa.apistesting.JiraBugCreateAPIAndAddComent@37918c79]" name="createBug" duration-ms="3609" started-at="2023-05-03T20:30:57Z" finished-at="2023-05-03T20:31:00Z">
          <reporter-output>
          </reporter-output>
        </test-method> <!-- createBug -->
      </class> <!-- com.qa.apistesting.JiraBugCreateAPIAndAddComent -->
    </test> <!-- Default test -->
  </suite> <!-- Default suite -->
</testng-results>
